<?xml version="1.0" encoding="UTF-8"?>
<!-- Generated by org.testng.reporters.JUnitXMLReporter -->
<testsuite ignored="0" hostname="MeghanaDN-LT" failures="0" tests="3" name="Default test" time="11.754" errors="0" timestamp="2024-09-17T15:05:47 IST">
  <testcase classname="com.OpenCart.Project.TestCases.TC_001_AccountRegisterationPage" name="TC_001_verify_account_registeration" time="1.28"/>
  <testcase classname="com.OpenCart.Project.TestCases.TC_001_AccountRegisterationPage" name="TC_002_verify_Warning_message_for_madatory_field" time="1.123"/>
  <testcase classname="com.OpenCart.Project.TestCases.TC_001_AccountRegisterationPage" name="TC_003_verify_notification_message_for_mandatoryField" time="1.204"/>
</testsuite> <!-- Default test -->
