<?xml version="1.0" encoding="UTF-8"?>
<!-- Generated by org.testng.reporters.JUnitXMLReporter -->
<testsuite ignored="0" hostname="MeghanaDN-LT" failures="0" tests="4" name="Edgebrowsers" time="141.329" errors="0" timestamp="2024-09-17T16:31:05 IST">
  <testcase classname="com.OpenCart.Project.TestCases.TC_001_AccountRegisterationPage" name="TC_001_verify_account_registeration" time="1.557"/>
  <testcase classname="com.OpenCart.Project.TestCases.TC_001_AccountRegisterationPage" name="TC_004_verify_different_password_inTo_passwordAndConfirmPassword" time="20.941"/>
  <testcase classname="com.OpenCart.Project.TestCases.TC_001_AccountRegisterationPage" name="TC_002_verify_Warning_message_for_madatory_field" time="1.775"/>
  <testcase classname="com.OpenCart.Project.TestCases.TC_001_AccountRegisterationPage" name="TC_003_verify_notification_message_for_mandatoryField" time="1.387"/>
</testsuite> <!-- Edgebrowsers -->
