<?xml version="1.0" encoding="UTF-8"?>
<!-- Generated by org.testng.reporters.JUnitXMLReporter -->
<testsuite ignored="8" hostname="MeghanaDN-LT" failures="0" tests="2" name="SmokeTestCases" time="0.136" errors="0" timestamp="2024-09-17T17:19:39 IST">
  <testcase classname="com.OpenCart.Project.TestCases.TC_001_AccountRegisterationPage" name="TC_001_verify_account_registeration" time="0.015"/>
  <testcase classname="com.OpenCart.Project.TestCases.TC_003_Login" name="Verify_LoginWithValid_Credential" time="0.059"/>
  <testcase classname="com.OpenCart.Project.TestCases.TC_003_Login" name="Verify_LoginPage_Forgotten_Password_link" time="0.0">
    <ignored/>
  </testcase> <!-- Verify_LoginPage_Forgotten_Password_link -->
  <testcase classname="com.OpenCart.Project.TestCases.TC_001_AccountRegisterationPage" name="TC_003_verify_notification_message_for_mandatoryField" time="0.0">
    <ignored/>
  </testcase> <!-- TC_003_verify_notification_message_for_mandatoryField -->
  <testcase classname="com.OpenCart.Project.TestCases.TC_003_Login" name="Verify_Loginwith_Invalid_Creadential" time="0.0">
    <ignored/>
  </testcase> <!-- Verify_Loginwith_Invalid_Creadential -->
  <testcase classname="com.OpenCart.Project.TestCases.TC_003_Login" name="Verify_Loginwith_Empty_Creadential" time="0.0">
    <ignored/>
  </testcase> <!-- Verify_Loginwith_Empty_Creadential -->
  <testcase classname="com.OpenCart.Project.TestCases.TC_003_Login" name="Verify_LoginWithInValid_Username_Credential" time="0.0">
    <ignored/>
  </testcase> <!-- Verify_LoginWithInValid_Username_Credential -->
  <testcase classname="com.OpenCart.Project.TestCases.TC_001_AccountRegisterationPage" name="TC_002_verify_Warning_message_for_madatory_field" time="0.0">
    <ignored/>
  </testcase> <!-- TC_002_verify_Warning_message_for_madatory_field -->
  <testcase classname="com.OpenCart.Project.TestCases.TC_003_Login" name="Verify_LoginWith_Invalid_Password_Credential" time="0.0">
    <ignored/>
  </testcase> <!-- Verify_LoginWith_Invalid_Password_Credential -->
  <testcase classname="com.OpenCart.Project.TestCases.TC_001_AccountRegisterationPage" name="TC_004_verify_different_password_inTo_passwordAndConfirmPassword" time="0.0">
    <ignored/>
  </testcase> <!-- TC_004_verify_different_password_inTo_passwordAndConfirmPassword -->
</testsuite> <!-- SmokeTestCases -->
