<?xml version="1.0" encoding="UTF-8"?>
<!-- Generated by org.testng.reporters.JUnitXMLReporter -->
<testsuite ignored="0" hostname="MeghanaDN-LT" failures="1" tests="1" name="Test" time="4.56" errors="0" timestamp="2024-07-24T14:41:30 IST">
  <testcase classname="com.OpenCart.Project.TestCases.TC_002_LoginDDT" name="verify_loginDDT" time="0.0">
    <failure type="org.testng.TestNGException" message="
Method public void com.OpenCart.Project.TestCases.TC_002_LoginDDT.verify_loginDDT(java.lang.String,java.lang.String) requires a @DataProvider named : logindata in class com.OpenCart.Project.Utilities.DataProviders">
      <![CDATA[org.testng.TestNGException: 
Method public void com.OpenCart.Project.TestCases.TC_002_LoginDDT.verify_loginDDT(java.lang.String,java.lang.String) requires a @DataProvider named : logindata in class com.OpenCart.Project.Utilities.DataProviders
at java.base/java.util.ArrayList.forEach(ArrayList.java:1597)
... Removed 24 stack frames]]>
    </failure>
  </testcase> <!-- verify_loginDDT -->
</testsuite> <!-- Test -->
