<?xml version="1.0" encoding="UTF-8"?>
<testng-results ignored="0" total="2" passed="2" failed="0" skipped="0">
  <reporter-output>
  </reporter-output>
  <suite started-at="2024-09-17T17:19:39 IST" name="Suite" finished-at="2024-09-17T17:19:39 IST" duration-ms="136">
    <groups>
      <group name="regression">
        <method signature="TC_001_AccountRegisterationPage.TC_001_verify_account_registeration()[pri:0, instance:com.OpenCart.Project.TestCases.TC_001_AccountRegisterationPage@1b9ea3e3]" name="TC_001_verify_account_registeration" class="com.OpenCart.Project.TestCases.TC_001_AccountRegisterationPage"/>
        <method signature="TC_003_Login.Verify_LoginWithValid_Credential()[pri:0, instance:com.OpenCart.Project.TestCases.TC_003_Login@63f34b70]" name="Verify_LoginWithValid_Credential" class="com.OpenCart.Project.TestCases.TC_003_Login"/>
      </group> <!-- regression -->
      <group name="smoke">
        <method signature="TC_001_AccountRegisterationPage.TC_001_verify_account_registeration()[pri:0, instance:com.OpenCart.Project.TestCases.TC_001_AccountRegisterationPage@1b9ea3e3]" name="TC_001_verify_account_registeration" class="com.OpenCart.Project.TestCases.TC_001_AccountRegisterationPage"/>
        <method signature="TC_003_Login.Verify_LoginWithValid_Credential()[pri:0, instance:com.OpenCart.Project.TestCases.TC_003_Login@63f34b70]" name="Verify_LoginWithValid_Credential" class="com.OpenCart.Project.TestCases.TC_003_Login"/>
      </group> <!-- smoke -->
    </groups>
    <test started-at="2024-09-17T17:19:39 IST" name="SmokeTestCases" finished-at="2024-09-17T17:19:39 IST" duration-ms="136">
      <class name="com.OpenCart.Project.TestCases.TC_003_Login">
        <test-method signature="Verify_LoginWithValid_Credential()[pri:0, instance:com.OpenCart.Project.TestCases.TC_003_Login@63f34b70]" started-at="2024-09-17T17:19:39 IST" name="Verify_LoginWithValid_Credential" finished-at="2024-09-17T17:19:39 IST" duration-ms="59" status="PASS">
          <reporter-output>
          </reporter-output>
        </test-method> <!-- Verify_LoginWithValid_Credential -->
      </class> <!-- com.OpenCart.Project.TestCases.TC_003_Login -->
      <class name="com.OpenCart.Project.TestCases.TC_001_AccountRegisterationPage">
        <test-method signature="TC_001_verify_account_registeration()[pri:0, instance:com.OpenCart.Project.TestCases.TC_001_AccountRegisterationPage@1b9ea3e3]" started-at="2024-09-17T17:19:39 IST" name="TC_001_verify_account_registeration" finished-at="2024-09-17T17:19:39 IST" duration-ms="15" status="PASS">
          <reporter-output>
          </reporter-output>
        </test-method> <!-- TC_001_verify_account_registeration -->
      </class> <!-- com.OpenCart.Project.TestCases.TC_001_AccountRegisterationPage -->
    </test> <!-- SmokeTestCases -->
  </suite> <!-- Suite -->
</testng-results>
